<?xml version="1.0" encoding="UTF-8"?>
<!-- Generated by org.testng.reporters.JUnitReportReporter -->
<testsuite hostname="DESKTOP-2P7KUM1" failures="0" tests="1" name="WebTable" time="79.513" errors="0" timestamp="2024-10-21T15:31:45 IST" skipped="0">
  <testcase classname="WebTable" name="handleWebTable" time="79.513"/>
</testsuite> <!-- WebTable -->
