<?xml version="1.0" encoding="UTF-8"?>
<!-- Generated by org.testng.reporters.JUnitReportReporter -->
<testsuite hostname="DESKTOP-2P7KUM1" failures="0" tests="4" name="ActionClass" time="171.335" errors="0" timestamp="2024-10-21T18:17:38 IST" skipped="0">
  <testcase classname="ActionClass" name="click" time="38.367"/>
  <testcase classname="ActionClass" name="doubleClick" time="35.705"/>
  <testcase classname="ActionClass" name="dragAndDropTest" time="38.467"/>
  <testcase classname="ActionClass" name="moveToElement" time="58.796"/>
</testsuite> <!-- ActionClass -->
