<?xml version="1.0" encoding="UTF-8"?>
<!-- Generated by org.testng.reporters.JUnitReportReporter -->
<testsuite hostname="DESKTOP-2P7KUM1" failures="0" tests="1" name="Screenshot" time="39.528" errors="0" timestamp="2024-10-21T15:46:59 IST" skipped="0">
  <testcase classname="Screenshot" name="takeScreenshot" time="39.528"/>
</testsuite> <!-- Screenshot -->
