<?xml version="1.0" encoding="UTF-8"?>
<!-- Generated by org.testng.reporters.JUnitReportReporter -->
<testsuite hostname="DESKTOP-2P7KUM1" failures="0" tests="1" name="BrokenLinks" time="48.301" errors="0" timestamp="2024-10-21T23:37:02 IST" skipped="0">
  <testcase classname="BrokenLinks" name="validateBrokenLinks" time="48.301"/>
</testsuite> <!-- BrokenLinks -->
